# JRE version: OpenJDK Runtime Environment (17.0.6) (build 17.0.6+0-b2043.56-10027231)
# Java VM: OpenJDK 64-Bit Server VM (17.0.6+0-b2043.56-10027231, mixed mode, tiered, compressed oops, compressed class ptrs, g1 gc, windows-amd64)
GC Precious Log:
 CPUs: 4 total, 4 available
 Memory: 7975M
 Large Page Support: Disabled
 NUMA Support: Disabled
 Compressed Oops: Enabled (32-bit)
 Heap Region Size: 1M
 Heap Min Capacity: 8M
 Heap Initial Capacity: 126M
 Heap Max Capacity: 2G
 Pre-touch: Disabled
 Parallel Workers: 4
 Concurrent Workers: 1
 Concurrent Refinement Workers: 4
 Periodic GC: Disabled
Heap:
 garbage-first heap   total 516096K, used 371712K [0x0000000080000000, 0x0000000100000000)
  region size 1024K, 12 young (12288K), 11 survivors (11264K)
 Metaspace       used 192250K, committed 193536K, reserved 1220608K
  class space    used 24874K, committed 25536K, reserved 1048576K
GC Heap History (20 events):
Event: 115.701 GC heap after
{Heap after GC invocations=73 (full 0):
 garbage-first heap   total 420864K, used 281088K [0x0000000080000000, 0x0000000100000000)
  region size 1024K, 13 young (13312K), 13 survivors (13312K)
 Metaspace       used 174929K, committed 176128K, reserved 1204224K
  class space    used 22687K, committed 23296K, reserved 1048576K
}
Event: 118.500 GC heap before
{Heap before GC invocations=74 (full 0):
 garbage-first heap   total 503808K, used 368128K [0x0000000080000000, 0x0000000100000000)
  region size 1024K, 82 young (83968K), 13 survivors (13312K)
 Metaspace       used 175945K, committed 177152K, reserved 1204224K
  class space    used 22769K, committed 23360K, reserved 1048576K
}
Event: 118.553 GC heap after
{Heap after GC invocations=75 (full 0):
 garbage-first heap   total 503808K, used 301056K [0x0000000080000000, 0x0000000100000000)
  region size 1024K, 11 young (11264K), 11 survivors (11264K)
 Metaspace       used 175945K, committed 177152K, reserved 1204224K
  class space    used 22769K, committed 23360K, reserved 1048576K
}
Event: 119.153 GC heap before
{Heap before GC invocations=75 (full 0):
 garbage-first heap   total 503808K, used 330752K [0x0000000080000000, 0x0000000100000000)
  region size 1024K, 24 young (24576K), 11 survivors (11264K)
 Metaspace       used 176174K, committed 177344K, reserved 1204224K
  class space    used 22789K, committed 23360K, reserved 1048576K
}
Event: 119.181 GC heap after
{Heap after GC invocations=76 (full 0):
 garbage-first heap   total 503808K, used 297744K [0x0000000080000000, 0x0000000100000000)
  region size 1024K, 3 young (3072K), 3 survivors (3072K)
 Metaspace       used 176174K, committed 177344K, reserved 1204224K
  class space    used 22789K, committed 23360K, reserved 1048576K
}
Event: 121.655 GC heap before
{Heap before GC invocations=76 (full 0):
 garbage-first heap   total 503808K, used 388880K [0x0000000080000000, 0x0000000100000000)
  region size 1024K, 93 young (95232K), 3 survivors (3072K)
 Metaspace       used 179941K, committed 181120K, reserved 1212416K
  class space    used 23095K, committed 23680K, reserved 1048576K
}
Event: 121.662 GC heap after
{Heap after GC invocations=77 (full 0):
 garbage-first heap   total 503808K, used 301317K [0x0000000080000000, 0x0000000100000000)
  region size 1024K, 6 young (6144K), 6 survivors (6144K)
 Metaspace       used 179941K, committed 181120K, reserved 1212416K
  class space    used 23095K, committed 23680K, reserved 1048576K
}
Event: 122.237 GC heap before
{Heap before GC invocations=77 (full 0):
 garbage-first heap   total 503808K, used 327941K [0x0000000080000000, 0x0000000100000000)
  region size 1024K, 34 young (34816K), 6 survivors (6144K)
 Metaspace       used 180430K, committed 181632K, reserved 1212416K
  class space    used 23138K, committed 23744K, reserved 1048576K
}
Event: 122.242 GC heap after
{Heap after GC invocations=78 (full 0):
 garbage-first heap   total 503808K, used 301465K [0x0000000080000000, 0x0000000100000000)
  region size 1024K, 6 young (6144K), 6 survivors (6144K)
 Metaspace       used 180430K, committed 181632K, reserved 1212416K
  class space    used 23138K, committed 23744K, reserved 1048576K
}
Event: 134.653 GC heap before
{Heap before GC invocations=79 (full 0):
 garbage-first heap   total 516096K, used 403865K [0x0000000080000000, 0x0000000100000000)
  region size 1024K, 106 young (108544K), 6 survivors (6144K)
 Metaspace       used 183034K, committed 184128K, reserved 1212416K
  class space    used 23460K, committed 24000K, reserved 1048576K
}
Event: 134.667 GC heap after
{Heap after GC invocations=80 (full 0):
 garbage-first heap   total 516096K, used 293116K [0x0000000080000000, 0x0000000100000000)
  region size 1024K, 7 young (7168K), 7 survivors (7168K)
 Metaspace       used 183034K, committed 184128K, reserved 1212416K
  class space    used 23460K, committed 24000K, reserved 1048576K
}
Event: 134.927 GC heap before
{Heap before GC invocations=80 (full 0):
 garbage-first heap   total 516096K, used 310524K [0x0000000080000000, 0x0000000100000000)
  region size 1024K, 25 young (25600K), 7 survivors (7168K)
 Metaspace       used 183268K, committed 184448K, reserved 1212416K
  class space    used 23491K, committed 24064K, reserved 1048576K
}
Event: 134.950 GC heap after
{Heap after GC invocations=81 (full 0):
 garbage-first heap   total 516096K, used 287036K [0x0000000080000000, 0x0000000100000000)
  region size 1024K, 3 young (3072K), 3 survivors (3072K)
 Metaspace       used 183268K, committed 184448K, reserved 1212416K
  class space    used 23491K, committed 24064K, reserved 1048576K
}
Event: 134.977 GC heap before
{Heap before GC invocations=81 (full 0):
 garbage-first heap   total 516096K, used 288060K [0x0000000080000000, 0x0000000100000000)
  region size 1024K, 5 young (5120K), 3 survivors (3072K)
 Metaspace       used 183321K, committed 184448K, reserved 1212416K
  class space    used 23496K, committed 24064K, reserved 1048576K
}
Event: 134.983 GC heap after
{Heap after GC invocations=82 (full 0):
 garbage-first heap   total 516096K, used 286370K [0x0000000080000000, 0x0000000100000000)
  region size 1024K, 2 young (2048K), 2 survivors (2048K)
 Metaspace       used 183321K, committed 184448K, reserved 1212416K
  class space    used 23496K, committed 24064K, reserved 1048576K
}
Event: 136.998 GC heap before
{Heap before GC invocations=83 (full 0):
 garbage-first heap   total 516096K, used 450210K [0x0000000080000000, 0x0000000100000000)
  region size 1024K, 128 young (131072K), 2 survivors (2048K)
 Metaspace       used 190364K, committed 191616K, reserved 1220608K
  class space    used 24628K, committed 25280K, reserved 1048576K
}
Event: 137.104 GC heap after
{Heap after GC invocations=84 (full 0):
 garbage-first heap   total 516096K, used 337606K [0x0000000080000000, 0x0000000100000000)
  region size 1024K, 16 young (16384K), 16 survivors (16384K)
 Metaspace       used 190364K, committed 191616K, reserved 1220608K
  class space    used 24628K, committed 25280K, reserved 1048576K
}
Event: 137.303 GC heap before
{Heap before GC invocations=84 (full 0):
 garbage-first heap   total 516096K, used 346822K [0x0000000080000000, 0x0000000100000000)
  region size 1024K, 25 young (25600K), 16 survivors (16384K)
 Metaspace       used 190391K, committed 191680K, reserved 1220608K
  class space    used 24628K, committed 25280K, reserved 1048576K
}
Event: 137.358 GC heap after
{Heap after GC invocations=85 (full 0):
 garbage-first heap   total 516096K, used 332760K [0x0000000080000000, 0x0000000100000000)
  region size 1024K, 4 young (4096K), 4 survivors (4096K)
 Metaspace       used 190391K, committed 191680K, reserved 1220608K
  class space    used 24628K, committed 25280K, reserved 1048576K
}
Event: 138.242 GC heap before
{Heap before GC invocations=85 (full 0):
 garbage-first heap   total 516096K, used 417752K [0x0000000080000000, 0x0000000100000000)
  region size 1024K, 88 young (90112K), 4 survivors (4096K)
 Metaspace       used 192250K, committed 193536K, reserved 1220608K
  class space    used 24874K, committed 25536K, reserved 1048576K
}

